<?xml version="1.0" encoding="UTF-8"?>
<testsuite xmlns:xsi="http://www.w3.org/2001/XMLSchema-instance" xsi:noNamespaceSchemaLocation="https://maven.apache.org/surefire/maven-surefire-plugin/xsd/surefire-test-report.xsd" name="com.spring.TestRunner.TestRunnerSpringClass" time="16.781" tests="1" errors="0" skipped="0" failures="0">
  <properties>
    <property name="sun.desktop" value="windows"/>
    <property name="awt.toolkit" value="sun.awt.windows.WToolkit"/>
    <property name="java.specification.version" value="11"/>
    <property name="sun.cpu.isalist" value="amd64"/>
    <property name="sun.jnu.encoding" value="Cp1252"/>
    <property name="java.class.path" value="C:\FALGUN_MICRO-GIT-PROJECT\FALGUN_MICRO\target\test-classes;C:\FALGUN_MICRO-GIT-PROJECT\FALGUN_MICRO\target\classes;C:\Users\Arfa Akther\.m2\repository\info\cukes\cucumber-java\1.2.5\cucumber-java-1.2.5.jar;C:\Users\Arfa Akther\.m2\repository\info\cukes\cucumber-core\1.2.5\cucumber-core-1.2.5.jar;C:\Users\Arfa Akther\.m2\repository\info\cukes\cucumber-html\0.2.3\cucumber-html-0.2.3.jar;C:\Users\Arfa Akther\.m2\repository\info\cukes\cucumber-jvm-deps\1.0.5\cucumber-jvm-deps-1.0.5.jar;C:\Users\Arfa Akther\.m2\repository\info\cukes\gherkin\2.12.2\gherkin-2.12.2.jar;C:\Users\Arfa Akther\.m2\repository\org\seleniumhq\selenium\selenium-java\3.14.0\selenium-java-3.14.0.jar;C:\Users\Arfa Akther\.m2\repository\org\seleniumhq\selenium\selenium-api\3.14.0\selenium-api-3.14.0.jar;C:\Users\Arfa Akther\.m2\repository\org\seleniumhq\selenium\selenium-chrome-driver\3.14.0\selenium-chrome-driver-3.14.0.jar;C:\Users\Arfa Akther\.m2\repository\org\seleniumhq\selenium\selenium-edge-driver\3.14.0\selenium-edge-driver-3.14.0.jar;C:\Users\Arfa Akther\.m2\repository\org\seleniumhq\selenium\selenium-firefox-driver\3.14.0\selenium-firefox-driver-3.14.0.jar;C:\Users\Arfa Akther\.m2\repository\org\seleniumhq\selenium\selenium-ie-driver\3.14.0\selenium-ie-driver-3.14.0.jar;C:\Users\Arfa Akther\.m2\repository\org\seleniumhq\selenium\selenium-opera-driver\3.14.0\selenium-opera-driver-3.14.0.jar;C:\Users\Arfa Akther\.m2\repository\org\seleniumhq\selenium\selenium-remote-driver\3.14.0\selenium-remote-driver-3.14.0.jar;C:\Users\Arfa Akther\.m2\repository\org\seleniumhq\selenium\selenium-safari-driver\3.14.0\selenium-safari-driver-3.14.0.jar;C:\Users\Arfa Akther\.m2\repository\org\seleniumhq\selenium\selenium-support\3.14.0\selenium-support-3.14.0.jar;C:\Users\Arfa Akther\.m2\repository\net\bytebuddy\byte-buddy\1.8.15\byte-buddy-1.8.15.jar;C:\Users\Arfa Akther\.m2\repository\org\apache\commons\commons-exec\1.3\commons-exec-1.3.jar;C:\Users\Arfa Akther\.m2\repository\commons-codec\commons-codec\1.10\commons-codec-1.10.jar;C:\Users\Arfa Akther\.m2\repository\commons-logging\commons-logging\1.2\commons-logging-1.2.jar;C:\Users\Arfa Akther\.m2\repository\com\google\guava\guava\25.0-jre\guava-25.0-jre.jar;C:\Users\Arfa Akther\.m2\repository\com\google\code\findbugs\jsr305\1.3.9\jsr305-1.3.9.jar;C:\Users\Arfa Akther\.m2\repository\org\checkerframework\checker-compat-qual\2.0.0\checker-compat-qual-2.0.0.jar;C:\Users\Arfa Akther\.m2\repository\com\google\errorprone\error_prone_annotations\2.1.3\error_prone_annotations-2.1.3.jar;C:\Users\Arfa Akther\.m2\repository\com\google\j2objc\j2objc-annotations\1.1\j2objc-annotations-1.1.jar;C:\Users\Arfa Akther\.m2\repository\org\codehaus\mojo\animal-sniffer-annotations\1.14\animal-sniffer-annotations-1.14.jar;C:\Users\Arfa Akther\.m2\repository\org\apache\httpcomponents\httpclient\4.5.5\httpclient-4.5.5.jar;C:\Users\Arfa Akther\.m2\repository\org\apache\httpcomponents\httpcore\4.4.9\httpcore-4.4.9.jar;C:\Users\Arfa Akther\.m2\repository\com\squareup\okhttp3\okhttp\3.10.0\okhttp-3.10.0.jar;C:\Users\Arfa Akther\.m2\repository\com\squareup\okio\okio\1.14.1\okio-1.14.1.jar;C:\Users\Arfa Akther\.m2\repository\io\cucumber\cucumber-junit\4.2.6\cucumber-junit-4.2.6.jar;C:\Users\Arfa Akther\.m2\repository\io\cucumber\cucumber-core\4.2.6\cucumber-core-4.2.6.jar;C:\Users\Arfa Akther\.m2\repository\io\cucumber\cucumber-html\0.2.7\cucumber-html-0.2.7.jar;C:\Users\Arfa Akther\.m2\repository\io\cucumber\gherkin\5.1.0\gherkin-5.1.0.jar;C:\Users\Arfa Akther\.m2\repository\io\cucumber\tag-expressions\1.1.1\tag-expressions-1.1.1.jar;C:\Users\Arfa Akther\.m2\repository\io\cucumber\cucumber-expressions\6.2.0\cucumber-expressions-6.2.0.jar;C:\Users\Arfa Akther\.m2\repository\io\cucumber\datatable\1.1.12\datatable-1.1.12.jar;C:\Users\Arfa Akther\.m2\repository\io\cucumber\datatable-dependencies\1.1.12\datatable-dependencies-1.1.12.jar;C:\Users\Arfa Akther\.m2\repository\io\cucumber\cucumber-picocontainer\4.2.6\cucumber-picocontainer-4.2.6.jar;C:\Users\Arfa Akther\.m2\repository\io\cucumber\cucumber-java\4.2.6\cucumber-java-4.2.6.jar;C:\Users\Arfa Akther\.m2\repository\org\picocontainer\picocontainer\2.15\picocontainer-2.15.jar;C:\Users\Arfa Akther\.m2\repository\junit\junit\3.8.1\junit-3.8.1.jar;C:\Users\Arfa Akther\.m2\repository\info\cukes\cucumber-testng\1.2.5\cucumber-testng-1.2.5.jar;C:\Users\Arfa Akther\.m2\repository\org\testng\testng\7.3.0\testng-7.3.0.jar;C:\Users\Arfa Akther\.m2\repository\com\beust\jcommander\1.78\jcommander-1.78.jar;C:\Users\Arfa Akther\.m2\repository\org\apache\ant\ant\1.10.3\ant-1.10.3.jar;C:\Users\Arfa Akther\.m2\repository\org\apache\ant\ant-launcher\1.10.3\ant-launcher-1.10.3.jar;C:\Users\Arfa Akther\.m2\repository\com\google\inject\guice\4.2.2\guice-4.2.2-no_aop.jar;C:\Users\Arfa Akther\.m2\repository\javax\inject\javax.inject\1\javax.inject-1.jar;C:\Users\Arfa Akther\.m2\repository\aopalliance\aopalliance\1.0\aopalliance-1.0.jar;C:\Users\Arfa Akther\.m2\repository\org\yaml\snakeyaml\1.21\snakeyaml-1.21.jar;C:\Users\Arfa Akther\.m2\repository\org\apache\poi\poi\3.9\poi-3.9.jar;C:\Users\Arfa Akther\.m2\repository\org\apache\poi\poi-ooxml\3.9\poi-ooxml-3.9.jar;C:\Users\Arfa Akther\.m2\repository\dom4j\dom4j\1.6.1\dom4j-1.6.1.jar;C:\Users\Arfa Akther\.m2\repository\xml-apis\xml-apis\1.0.b2\xml-apis-1.0.b2.jar;C:\Users\Arfa Akther\.m2\repository\org\apache\poi\poi-ooxml-schemas\3.9\poi-ooxml-schemas-3.9.jar;C:\Users\Arfa Akther\.m2\repository\org\apache\xmlbeans\xmlbeans\2.3.0\xmlbeans-2.3.0.jar;C:\Users\Arfa Akther\.m2\repository\stax\stax-api\1.0.1\stax-api-1.0.1.jar;C:\Users\Arfa Akther\.m2\repository\org\apache\poi\poi-scratchpad\3.9\poi-scratchpad-3.9.jar;C:\Users\Arfa Akther\.m2\repository\org\apache\poi\ooxml-schemas\1.1\ooxml-schemas-1.1.jar;C:\Users\Arfa Akther\.m2\repository\org\apache\poi\openxml4j\1.0-beta\openxml4j-1.0-beta.jar;C:\Users\Arfa Akther\.m2\repository\com\relevantcodes\extentreports\2.41.2\extentreports-2.41.2.jar;C:\Users\Arfa Akther\.m2\repository\org\jsoup\jsoup\1.8.3\jsoup-1.8.3.jar;C:\Users\Arfa Akther\.m2\repository\org\xerial\sqlite-jdbc\3.8.11.1\sqlite-jdbc-3.8.11.1.jar;C:\Users\Arfa Akther\.m2\repository\org\freemarker\freemarker\2.3.23\freemarker-2.3.23.jar;C:\Users\Arfa Akther\.m2\repository\org\mongodb\mongodb-driver\3.0.4\mongodb-driver-3.0.4.jar;C:\Users\Arfa Akther\.m2\repository\org\mongodb\bson\3.0.4\bson-3.0.4.jar;C:\Users\Arfa Akther\.m2\repository\org\mongodb\mongodb-driver-core\3.0.4\mongodb-driver-core-3.0.4.jar;C:\Users\Arfa Akther\.m2\repository\commons-io\commons-io\2.6\commons-io-2.6.jar;C:\Users\Arfa Akther\.m2\repository\log4j\log4j\1.2.17\log4j-1.2.17.jar;C:\Users\Arfa Akther\.m2\repository\org\apache\logging\log4j\log4j-core\2.19.0\log4j-core-2.19.0.jar;C:\Users\Arfa Akther\.m2\repository\org\apache\logging\log4j\log4j-api\2.19.0\log4j-api-2.19.0.jar;C:\Users\Arfa Akther\.m2\repository\org\apache\maven\surefire\surefire-testng-utils\2.22.0\surefire-testng-utils-2.22.0.jar;C:\Users\Arfa Akther\.m2\repository\org\apache\maven\surefire\surefire-grouper\2.22.0\surefire-grouper-2.22.0.jar;"/>
    <property name="java.vm.vendor" value="Oracle Corporation"/>
    <property name="sun.arch.data.model" value="64"/>
    <property name="user.variant" value=""/>
    <property name="java.vendor.url" value="https://openjdk.java.net/"/>
    <property name="user.timezone" value="America/New_York"/>
    <property name="java.vm.specification.version" value="11"/>
    <property name="os.name" value="Windows 10"/>
    <property name="sun.java.launcher" value="SUN_STANDARD"/>
    <property name="user.country" value="US"/>
    <property name="sun.boot.library.path" value="C:\Program Files\Java\jdk-11.0.13\bin"/>
    <property name="sun.java.command" value="C:\Users\ARFAAK~1\AppData\Local\Temp\surefire11462211392664815714\surefirebooter9027494204952216632.jar C:\Users\Arfa Akther\AppData\Local\Temp\surefire11462211392664815714 2022-11-13T18-00-40_719-jvmRun1 surefire13270832258059885914tmp surefire_011067904129200144987tmp"/>
    <property name="jdk.debug" value="release"/>
    <property name="surefire.test.class.path" value="C:\FALGUN_MICRO-GIT-PROJECT\FALGUN_MICRO\target\test-classes;C:\FALGUN_MICRO-GIT-PROJECT\FALGUN_MICRO\target\classes;C:\Users\Arfa Akther\.m2\repository\info\cukes\cucumber-java\1.2.5\cucumber-java-1.2.5.jar;C:\Users\Arfa Akther\.m2\repository\info\cukes\cucumber-core\1.2.5\cucumber-core-1.2.5.jar;C:\Users\Arfa Akther\.m2\repository\info\cukes\cucumber-html\0.2.3\cucumber-html-0.2.3.jar;C:\Users\Arfa Akther\.m2\repository\info\cukes\cucumber-jvm-deps\1.0.5\cucumber-jvm-deps-1.0.5.jar;C:\Users\Arfa Akther\.m2\repository\info\cukes\gherkin\2.12.2\gherkin-2.12.2.jar;C:\Users\Arfa Akther\.m2\repository\org\seleniumhq\selenium\selenium-java\3.14.0\selenium-java-3.14.0.jar;C:\Users\Arfa Akther\.m2\repository\org\seleniumhq\selenium\selenium-api\3.14.0\selenium-api-3.14.0.jar;C:\Users\Arfa Akther\.m2\repository\org\seleniumhq\selenium\selenium-chrome-driver\3.14.0\selenium-chrome-driver-3.14.0.jar;C:\Users\Arfa Akther\.m2\repository\org\seleniumhq\selenium\selenium-edge-driver\3.14.0\selenium-edge-driver-3.14.0.jar;C:\Users\Arfa Akther\.m2\repository\org\seleniumhq\selenium\selenium-firefox-driver\3.14.0\selenium-firefox-driver-3.14.0.jar;C:\Users\Arfa Akther\.m2\repository\org\seleniumhq\selenium\selenium-ie-driver\3.14.0\selenium-ie-driver-3.14.0.jar;C:\Users\Arfa Akther\.m2\repository\org\seleniumhq\selenium\selenium-opera-driver\3.14.0\selenium-opera-driver-3.14.0.jar;C:\Users\Arfa Akther\.m2\repository\org\seleniumhq\selenium\selenium-remote-driver\3.14.0\selenium-remote-driver-3.14.0.jar;C:\Users\Arfa Akther\.m2\repository\org\seleniumhq\selenium\selenium-safari-driver\3.14.0\selenium-safari-driver-3.14.0.jar;C:\Users\Arfa Akther\.m2\repository\org\seleniumhq\selenium\selenium-support\3.14.0\selenium-support-3.14.0.jar;C:\Users\Arfa Akther\.m2\repository\net\bytebuddy\byte-buddy\1.8.15\byte-buddy-1.8.15.jar;C:\Users\Arfa Akther\.m2\repository\org\apache\commons\commons-exec\1.3\commons-exec-1.3.jar;C:\Users\Arfa Akther\.m2\repository\commons-codec\commons-codec\1.10\commons-codec-1.10.jar;C:\Users\Arfa Akther\.m2\repository\commons-logging\commons-logging\1.2\commons-logging-1.2.jar;C:\Users\Arfa Akther\.m2\repository\com\google\guava\guava\25.0-jre\guava-25.0-jre.jar;C:\Users\Arfa Akther\.m2\repository\com\google\code\findbugs\jsr305\1.3.9\jsr305-1.3.9.jar;C:\Users\Arfa Akther\.m2\repository\org\checkerframework\checker-compat-qual\2.0.0\checker-compat-qual-2.0.0.jar;C:\Users\Arfa Akther\.m2\repository\com\google\errorprone\error_prone_annotations\2.1.3\error_prone_annotations-2.1.3.jar;C:\Users\Arfa Akther\.m2\repository\com\google\j2objc\j2objc-annotations\1.1\j2objc-annotations-1.1.jar;C:\Users\Arfa Akther\.m2\repository\org\codehaus\mojo\animal-sniffer-annotations\1.14\animal-sniffer-annotations-1.14.jar;C:\Users\Arfa Akther\.m2\repository\org\apache\httpcomponents\httpclient\4.5.5\httpclient-4.5.5.jar;C:\Users\Arfa Akther\.m2\repository\org\apache\httpcomponents\httpcore\4.4.9\httpcore-4.4.9.jar;C:\Users\Arfa Akther\.m2\repository\com\squareup\okhttp3\okhttp\3.10.0\okhttp-3.10.0.jar;C:\Users\Arfa Akther\.m2\repository\com\squareup\okio\okio\1.14.1\okio-1.14.1.jar;C:\Users\Arfa Akther\.m2\repository\io\cucumber\cucumber-junit\4.2.6\cucumber-junit-4.2.6.jar;C:\Users\Arfa Akther\.m2\repository\io\cucumber\cucumber-core\4.2.6\cucumber-core-4.2.6.jar;C:\Users\Arfa Akther\.m2\repository\io\cucumber\cucumber-html\0.2.7\cucumber-html-0.2.7.jar;C:\Users\Arfa Akther\.m2\repository\io\cucumber\gherkin\5.1.0\gherkin-5.1.0.jar;C:\Users\Arfa Akther\.m2\repository\io\cucumber\tag-expressions\1.1.1\tag-expressions-1.1.1.jar;C:\Users\Arfa Akther\.m2\repository\io\cucumber\cucumber-expressions\6.2.0\cucumber-expressions-6.2.0.jar;C:\Users\Arfa Akther\.m2\repository\io\cucumber\datatable\1.1.12\datatable-1.1.12.jar;C:\Users\Arfa Akther\.m2\repository\io\cucumber\datatable-dependencies\1.1.12\datatable-dependencies-1.1.12.jar;C:\Users\Arfa Akther\.m2\repository\io\cucumber\cucumber-picocontainer\4.2.6\cucumber-picocontainer-4.2.6.jar;C:\Users\Arfa Akther\.m2\repository\io\cucumber\cucumber-java\4.2.6\cucumber-java-4.2.6.jar;C:\Users\Arfa Akther\.m2\repository\org\picocontainer\picocontainer\2.15\picocontainer-2.15.jar;C:\Users\Arfa Akther\.m2\repository\junit\junit\3.8.1\junit-3.8.1.jar;C:\Users\Arfa Akther\.m2\repository\info\cukes\cucumber-testng\1.2.5\cucumber-testng-1.2.5.jar;C:\Users\Arfa Akther\.m2\repository\org\testng\testng\7.3.0\testng-7.3.0.jar;C:\Users\Arfa Akther\.m2\repository\com\beust\jcommander\1.78\jcommander-1.78.jar;C:\Users\Arfa Akther\.m2\repository\org\apache\ant\ant\1.10.3\ant-1.10.3.jar;C:\Users\Arfa Akther\.m2\repository\org\apache\ant\ant-launcher\1.10.3\ant-launcher-1.10.3.jar;C:\Users\Arfa Akther\.m2\repository\com\google\inject\guice\4.2.2\guice-4.2.2-no_aop.jar;C:\Users\Arfa Akther\.m2\repository\javax\inject\javax.inject\1\javax.inject-1.jar;C:\Users\Arfa Akther\.m2\repository\aopalliance\aopalliance\1.0\aopalliance-1.0.jar;C:\Users\Arfa Akther\.m2\repository\org\yaml\snakeyaml\1.21\snakeyaml-1.21.jar;C:\Users\Arfa Akther\.m2\repository\org\apache\poi\poi\3.9\poi-3.9.jar;C:\Users\Arfa Akther\.m2\repository\org\apache\poi\poi-ooxml\3.9\poi-ooxml-3.9.jar;C:\Users\Arfa Akther\.m2\repository\dom4j\dom4j\1.6.1\dom4j-1.6.1.jar;C:\Users\Arfa Akther\.m2\repository\xml-apis\xml-apis\1.0.b2\xml-apis-1.0.b2.jar;C:\Users\Arfa Akther\.m2\repository\org\apache\poi\poi-ooxml-schemas\3.9\poi-ooxml-schemas-3.9.jar;C:\Users\Arfa Akther\.m2\repository\org\apache\xmlbeans\xmlbeans\2.3.0\xmlbeans-2.3.0.jar;C:\Users\Arfa Akther\.m2\repository\stax\stax-api\1.0.1\stax-api-1.0.1.jar;C:\Users\Arfa Akther\.m2\repository\org\apache\poi\poi-scratchpad\3.9\poi-scratchpad-3.9.jar;C:\Users\Arfa Akther\.m2\repository\org\apache\poi\ooxml-schemas\1.1\ooxml-schemas-1.1.jar;C:\Users\Arfa Akther\.m2\repository\org\apache\poi\openxml4j\1.0-beta\openxml4j-1.0-beta.jar;C:\Users\Arfa Akther\.m2\repository\com\relevantcodes\extentreports\2.41.2\extentreports-2.41.2.jar;C:\Users\Arfa Akther\.m2\repository\org\jsoup\jsoup\1.8.3\jsoup-1.8.3.jar;C:\Users\Arfa Akther\.m2\repository\org\xerial\sqlite-jdbc\3.8.11.1\sqlite-jdbc-3.8.11.1.jar;C:\Users\Arfa Akther\.m2\repository\org\freemarker\freemarker\2.3.23\freemarker-2.3.23.jar;C:\Users\Arfa Akther\.m2\repository\org\mongodb\mongodb-driver\3.0.4\mongodb-driver-3.0.4.jar;C:\Users\Arfa Akther\.m2\repository\org\mongodb\bson\3.0.4\bson-3.0.4.jar;C:\Users\Arfa Akther\.m2\repository\org\mongodb\mongodb-driver-core\3.0.4\mongodb-driver-core-3.0.4.jar;C:\Users\Arfa Akther\.m2\repository\commons-io\commons-io\2.6\commons-io-2.6.jar;C:\Users\Arfa Akther\.m2\repository\log4j\log4j\1.2.17\log4j-1.2.17.jar;C:\Users\Arfa Akther\.m2\repository\org\apache\logging\log4j\log4j-core\2.19.0\log4j-core-2.19.0.jar;C:\Users\Arfa Akther\.m2\repository\org\apache\logging\log4j\log4j-api\2.19.0\log4j-api-2.19.0.jar;C:\Users\Arfa Akther\.m2\repository\org\apache\maven\surefire\surefire-testng-utils\2.22.0\surefire-testng-utils-2.22.0.jar;C:\Users\Arfa Akther\.m2\repository\org\apache\maven\surefire\surefire-grouper\2.22.0\surefire-grouper-2.22.0.jar;"/>
    <property name="sun.cpu.endian" value="little"/>
    <property name="user.home" value="C:\Users\Arfa Akther"/>
    <property name="user.language" value="en"/>
    <property name="java.specification.vendor" value="Oracle Corporation"/>
    <property name="java.version.date" value="2021-10-19"/>
    <property name="java.home" value="C:\Program Files\Java\jdk-11.0.13"/>
    <property name="file.separator" value="\"/>
    <property name="basedir" value="C:\FALGUN_MICRO-GIT-PROJECT\FALGUN_MICRO"/>
    <property name="java.vm.compressedOopsMode" value="Zero based"/>
    <property name="line.separator" value="&#10;"/>
    <property name="java.specification.name" value="Java Platform API Specification"/>
    <property name="java.vm.specification.vendor" value="Oracle Corporation"/>
    <property name="java.awt.graphicsenv" value="sun.awt.Win32GraphicsEnvironment"/>
    <property name="surefire.real.class.path" value="C:\Users\ARFAAK~1\AppData\Local\Temp\surefire11462211392664815714\surefirebooter9027494204952216632.jar"/>
    <property name="user.script" value=""/>
    <property name="sun.management.compiler" value="HotSpot 64-Bit Tiered Compilers"/>
    <property name="java.runtime.version" value="11.0.13+10-LTS-370"/>
    <property name="user.name" value="Arfa Akther"/>
    <property name="path.separator" value=";"/>
    <property name="os.version" value="10.0"/>
    <property name="java.runtime.name" value="Java(TM) SE Runtime Environment"/>
    <property name="file.encoding" value="Cp1252"/>
    <property name="java.vm.name" value="Java HotSpot(TM) 64-Bit Server VM"/>
    <property name="java.vendor.version" value="18.9"/>
    <property name="localRepository" value="C:\Users\Arfa Akther\.m2\repository"/>
    <property name="java.vendor.url.bug" value="https://bugreport.java.com/bugreport/"/>
    <property name="java.io.tmpdir" value="C:\Users\ARFAAK~1\AppData\Local\Temp\"/>
    <property name="java.version" value="11.0.13"/>
    <property name="user.dir" value="C:\FALGUN_MICRO-GIT-PROJECT\FALGUN_MICRO"/>
    <property name="os.arch" value="amd64"/>
    <property name="java.vm.specification.name" value="Java Virtual Machine Specification"/>
    <property name="java.awt.printerjob" value="sun.awt.windows.WPrinterJob"/>
    <property name="sun.os.patch.level" value=""/>
    <property name="java.library.path" value="C:\Program Files\Java\jdk-11.0.13\bin;C:\WINDOWS\Sun\Java\bin;C:\WINDOWS\system32;C:\WINDOWS;C:\Program Files\Common Files\Oracle\Java\javapath;C:\Program Files (x86)\Common Files\Oracle\Java\javapath;C:\windows\system32;C:\windows;C:\windows\System32\Wbem;C:\windows\System32\WindowsPowerShell\v1.0\;C:\windows\System32\OpenSSH\;C:\Program Files (x86)\NVIDIA Corporation\PhysX\Common;C:\Program Files\NVIDIA Corporation\NVIDIA NvDLISR;C:\WINDOWS\system32;C:\WINDOWS;C:\WINDOWS\System32\Wbem;C:\WINDOWS\System32\WindowsPowerShell\v1.0\;C:\WINDOWS\System32\OpenSSH\;C:\Program Files\Java\jdk-11.0.13\bin;C:\apache-maven-3.8.5\bin;C:\Program Files\Git\cmd;C:\Users\Arfa Akther\AppData\Local\Microsoft\WindowsApps;C:\Program Files\Java\jdk-11.0.13\bin;C:\apache-maven-3.8.5\bin;;."/>
    <property name="java.vendor" value="Oracle Corporation"/>
    <property name="java.vm.info" value="mixed mode"/>
    <property name="java.vm.version" value="11.0.13+10-LTS-370"/>
    <property name="sun.io.unicode.encoding" value="UnicodeLittle"/>
    <property name="java.class.version" value="55.0"/>
  </properties>
  <testcase name="feature" classname="com.spring.TestRunner.TestRunnerSpringClass" time="13.753"/>
</testsuite>