<?xml version="1.0" encoding="UTF-8"?>
<!-- Generated by org.testng.reporters.JUnitReportReporter -->
<testsuite hostname="ARFA-LAPTOP" failures="0" tests="1" name="com.spring.TestRunner.TestRunnerSpringClass" time="13.754" errors="0" timestamp="2022-11-13T18:00:58 EST" skipped="0">
  <testcase classname="com.spring.TestRunner.TestRunnerSpringClass" name="feature" time="13.754"/>
  <system-out/>
</testsuite> <!-- com.spring.TestRunner.TestRunnerSpringClass -->
